============================= test session starts =============================
platform win32 -- Python 3.14.2, pytest-9.0.2, pluggy-1.6.0
rootdir: C:\Users\yasti\projects\FinancialAssist
plugins: anyio-4.12.1, langsmith-0.7.3, cov-7.0.0, mock-3.15.1
collected 3 items

tests\test_main.py ...                                                   [100%]

============================== warnings summary ===============================
myenv\Lib\site-packages\langchain_core\_api\deprecation.py:25
  C:\Users\yasti\projects\FinancialAssist\myenv\Lib\site-packages\langchain_core\_api\deprecation.py:25: UserWarning: Core Pydantic V1 functionality isn't compatible with Python 3.14 or greater.
    from pydantic.v1.fields import FieldInfo as FieldInfoV1

<frozen importlib._bootstrap>:491
  <frozen importlib._bootstrap>:491: DeprecationWarning: builtin type SwigPyPacked has no __module__ attribute

<frozen importlib._bootstrap>:491
  <frozen importlib._bootstrap>:491: DeprecationWarning: builtin type SwigPyObject has no __module__ attribute

<frozen importlib._bootstrap>:491
  <frozen importlib._bootstrap>:491: DeprecationWarning: builtin type swigvarlink has no __module__ attribute

-- Docs: https://docs.pytest.org/en/stable/how-to/capture-warnings.html
=============================== tests coverage ================================
_______________ coverage: platform win32, python 3.14.2-final-0 _______________

Name                 Stmts   Miss  Cover   Missing
--------------------------------------------------
src\__init__.py          0      0   100%
src\agents.py           25      0   100%
src\embedding.py        40     40     0%   1-63
src\main.py            179     30    83%   38-39, 54-56, 130-132, 149-150, 200-202, 228-237, 241, 274-284
src\scrape_data.py      48     48     0%   1-150
src\tools.py           123     94    24%   20-21, 32-41, 52-66, 80-99, 111-171, 178-197, 210-217
src\utils.py             0      0   100%
src\workflow.py         62     13    79%   60-61, 70-75, 95-96, 105-107
--------------------------------------------------
TOTAL                  477    225    53%
======================= 3 passed, 4 warnings in 13.48s ========================
