============================= test session starts =============================
platform win32 -- Python 3.14.2, pytest-9.0.2, pluggy-1.6.0
rootdir: C:\Users\yasti\projects\FinancialAssist
plugins: anyio-4.12.1, langsmith-0.7.3, cov-7.0.0, mock-3.15.1
collected 3 items

tests\test_main.py ..F                                                   [100%]

================================== FAILURES ===================================
____________________________ test_handle_chat_view ____________________________

mock_graph = <MagicMock name='graph' id='1756608149696'>

    @patch("src.main.graph")
    def test_handle_chat_view(mock_graph):
        # Setup session state
        mock_st.session_state = {
            "messages_Test_View": [HumanMessage(content="Hello")],
            "selected_agent": "Test View"
        }
    
        # Mock chat_input to return a new prompt
        mock_st.chat_input.return_value = "What is AAPL?"
    
        # Mock graph invoke to return a response
        mock_graph.invoke.return_value = {
            "messages": [HumanMessage(content="What is AAPL?"), AIMessage(content="AAPL is Apple")],
            "sender": "finance_qa"
        }
    
        main_app.handle_chat_view("Test View")
    
        # Verify graph was invoked
        mock_graph.invoke.assert_called()
    
        # Test routing to a different view
        mock_graph.invoke.return_value = {
            "messages": [HumanMessage(content="Analyze portfolio"), AIMessage(content="Portfolio looks good")],
            "sender": "portfolio_analysis"
        }
        mock_st.session_state["messages_Test_View"] = []
    
        main_app.handle_chat_view("Test View")
>       assert mock_st.session_state.get("selected_agent") == "Portfolio Analysis"
E       AssertionError: assert 'Test View' == 'Portfolio Analysis'
E         
E         - Portfolio Analysis
E         + Test View

tests\test_main.py:100: AssertionError
============================== warnings summary ===============================
myenv\Lib\site-packages\langchain_core\_api\deprecation.py:25
  C:\Users\yasti\projects\FinancialAssist\myenv\Lib\site-packages\langchain_core\_api\deprecation.py:25: UserWarning: Core Pydantic V1 functionality isn't compatible with Python 3.14 or greater.
    from pydantic.v1.fields import FieldInfo as FieldInfoV1

<frozen importlib._bootstrap>:491
  <frozen importlib._bootstrap>:491: DeprecationWarning: builtin type SwigPyPacked has no __module__ attribute

<frozen importlib._bootstrap>:491
  <frozen importlib._bootstrap>:491: DeprecationWarning: builtin type SwigPyObject has no __module__ attribute

<frozen importlib._bootstrap>:491
  <frozen importlib._bootstrap>:491: DeprecationWarning: builtin type swigvarlink has no __module__ attribute

-- Docs: https://docs.pytest.org/en/stable/how-to/capture-warnings.html
=========================== short test summary info ===========================
FAILED tests/test_main.py::test_handle_chat_view - AssertionError: assert 'Te...
================== 1 failed, 2 passed, 4 warnings in 13.06s ===================
