============================= test session starts =============================
platform win32 -- Python 3.14.2, pytest-9.0.2, pluggy-1.6.0
rootdir: C:\Users\yasti\projects\FinancialAssist
plugins: anyio-4.12.1, langsmith-0.7.3, cov-7.0.0, mock-3.15.1
collected 27 items / 1 error

=================================== ERRORS ====================================
_____________________ ERROR collecting tests/test_main.py _____________________
tests\test_main.py:13: in <module>
    import src.main as main_app
src\main.py:18: in <module>
    st.session_state.selected_agent = "General Assistant"
    ^^^^^^^^^^^^^^^^^^^^^^^^^^^^^^^
E   AttributeError: 'dict' object has no attribute 'selected_agent' and no __dict__ for setting new attributes
------------------------------- Captured stdout -------------------------------
--- Vector DB loaded from financial_db ---
============================== warnings summary ===============================
myenv\Lib\site-packages\langchain_core\_api\deprecation.py:25
  C:\Users\yasti\projects\FinancialAssist\myenv\Lib\site-packages\langchain_core\_api\deprecation.py:25: UserWarning: Core Pydantic V1 functionality isn't compatible with Python 3.14 or greater.
    from pydantic.v1.fields import FieldInfo as FieldInfoV1

<frozen importlib._bootstrap>:491
  <frozen importlib._bootstrap>:491: DeprecationWarning: builtin type SwigPyPacked has no __module__ attribute

<frozen importlib._bootstrap>:491
  <frozen importlib._bootstrap>:491: DeprecationWarning: builtin type SwigPyObject has no __module__ attribute

<frozen importlib._bootstrap>:491
  <frozen importlib._bootstrap>:491: DeprecationWarning: builtin type swigvarlink has no __module__ attribute

-- Docs: https://docs.pytest.org/en/stable/how-to/capture-warnings.html
=========================== short test summary info ===========================
ERROR tests/test_main.py - AttributeError: 'dict' object has no attribute 'se...
!!!!!!!!!!!!!!!!!!! Interrupted: 1 error during collection !!!!!!!!!!!!!!!!!!!!
======================== 4 warnings, 1 error in 30.49s ========================
