============================= test session starts =============================
platform win32 -- Python 3.14.2, pytest-9.0.2, pluggy-1.6.0
rootdir: C:\Users\yasti\projects\FinancialAssist
plugins: anyio-4.12.1, langsmith-0.7.3, cov-7.0.0, mock-3.15.1
collected 3 items

tests\test_z_main.py ...                                                 [100%]

============================== warnings summary ===============================
myenv\Lib\site-packages\langchain_core\_api\deprecation.py:25
  C:\Users\yasti\projects\FinancialAssist\myenv\Lib\site-packages\langchain_core\_api\deprecation.py:25: UserWarning: Core Pydantic V1 functionality isn't compatible with Python 3.14 or greater.
    from pydantic.v1.fields import FieldInfo as FieldInfoV1

-- Docs: https://docs.pytest.org/en/stable/how-to/capture-warnings.html
======================== 3 passed, 1 warning in 14.56s ========================
